<?xml version="1.0" encoding="UTF-8"?>
<!-- Generated by org.testng.reporters.JUnitReportReporter -->
<testsuite skipped="0" hostname="DESKTOP-7UNT7J4" name="testlayer.HomePageTest" tests="4" failures="0" timestamp="2022-09-11T11:39:09 IST" time="80.231" errors="0">
  <testcase name="verifybuyNexus6" time="46.366" classname="testlayer.HomePageTest"/>
  <system-out/>
  <testcase name="verifybuyNokialumia1520" time="9.284" classname="testlayer.HomePageTest"/>
  <system-out/>
  <testcase name="verifyBuySamsungGalaxy6" time="13.704" classname="testlayer.HomePageTest"/>
  <system-out/>
  <testcase name="verifybuySamsunggalaxys7" time="10.877" classname="testlayer.HomePageTest"/>
  <system-out/>
</testsuite> <!-- testlayer.HomePageTest -->
